[debug] [2020-07-26T08:07:34.274Z] ----------------------------------------------------------------------
[debug] [2020-07-26T08:07:34.278Z] Command:       C:\Program Files\nodejs\node.exe C:\Users\ACER\AppData\Roaming\npm\node_modules\firebase-tools\lib\bin\firebase.js deploy
[debug] [2020-07-26T08:07:34.279Z] CLI Version:   8.5.0
[debug] [2020-07-26T08:07:34.279Z] Platform:      win32
[debug] [2020-07-26T08:07:34.279Z] Node Version:  v10.15.3
[debug] [2020-07-26T08:07:34.281Z] Time:          Sun Jul 26 2020 13:37:34 GMT+0530 (India Standard Time)
[debug] [2020-07-26T08:07:34.281Z] ----------------------------------------------------------------------
[debug] [2020-07-26T08:07:34.281Z] 
[debug] [2020-07-26T08:07:34.303Z] > command requires scopes: ["email","openid","https://www.googleapis.com/auth/cloudplatformprojects.readonly","https://www.googleapis.com/auth/firebase","https://www.googleapis.com/auth/cloud-platform"]
[debug] [2020-07-26T08:07:34.304Z] > authorizing via signed-in user
[debug] [2020-07-26T08:07:34.305Z] [iam] checking project shopingzone-77ff1 for permissions ["cloudfunctions.functions.create","cloudfunctions.functions.delete","cloudfunctions.functions.get","cloudfunctions.functions.list","cloudfunctions.functions.update","cloudfunctions.operations.get","firebase.projects.get","firebasedatabase.instances.update","firebasehosting.sites.update","firebaserules.releases.create","firebaserules.releases.update","firebaserules.rulesets.create"]
[debug] [2020-07-26T08:07:34.310Z] >>> HTTP REQUEST POST https://cloudresourcemanager.googleapis.com/v1/projects/shopingzone-77ff1:testIamPermissions  
 {"permissions":["cloudfunctions.functions.create","cloudfunctions.functions.delete","cloudfunctions.functions.get","cloudfunctions.functions.list","cloudfunctions.functions.update","cloudfunctions.operations.get","firebase.projects.get","firebasedatabase.instances.update","firebasehosting.sites.update","firebaserules.releases.create","firebaserules.releases.update","firebaserules.rulesets.create"]}
[debug] [2020-07-26T08:07:46.364Z] [iam] error while checking permissions, command may fail: FirebaseError: Server Error. getaddrinfo ENOTFOUND cloudresourcemanager.googleapis.com cloudresourcemanager.googleapis.com:443
[debug] [2020-07-26T08:07:46.366Z] >>> HTTP REQUEST POST https://iam.googleapis.com/v1/projects/shopingzone-77ff1/serviceAccounts/shopingzone-77ff1@appspot.gserviceaccount.com:testIamPermissions  
 {"permissions":["iam.serviceAccounts.actAs"]}
[debug] [2020-07-26T08:07:58.377Z] [functions] service account IAM check errored, deploy may fail: Server Error. getaddrinfo ENOTFOUND iam.googleapis.com iam.googleapis.com:443 {"name":"FirebaseError","children":[],"exit":2,"message":"Server Error. getaddrinfo ENOTFOUND iam.googleapis.com iam.googleapis.com:443","original":{"errno":"ENOTFOUND","code":"ENOTFOUND","syscall":"getaddrinfo","hostname":"iam.googleapis.com","host":"iam.googleapis.com","port":443},"status":500}
[debug] [2020-07-26T08:07:58.379Z] >>> HTTP REQUEST GET https://firebase.googleapis.com/v1beta1/projects/shopingzone-77ff1  
 
[debug] [2020-07-26T08:08:10.385Z] Server Error. getaddrinfo ENOTFOUND firebase.googleapis.com firebase.googleapis.com:443
[debug] [2020-07-26T08:08:22.404Z] FirebaseError: Server Error. getaddrinfo ENOTFOUND firebase.googleapis.com firebase.googleapis.com:443
    at Request._callback (C:\Users\ACER\AppData\Roaming\npm\node_modules\firebase-tools\lib\api.js:32:31)
    at self.callback (C:\Users\ACER\AppData\Roaming\npm\node_modules\firebase-tools\node_modules\request\request.js:185:22)
    at Request.emit (events.js:189:13)
    at Request.EventEmitter.emit (domain.js:441:20)
    at Request.onRequestError (C:\Users\ACER\AppData\Roaming\npm\node_modules\firebase-tools\node_modules\request\request.js:877:8)
    at ClientRequest.emit (events.js:194:15)
    at ClientRequest.EventEmitter.emit (domain.js:441:20)
    at TLSSocket.socketErrorListener (_http_client.js:392:9)
    at TLSSocket.emit (events.js:189:13)
    at TLSSocket.EventEmitter.emit (domain.js:441:20)
    at emitErrorNT (internal/streams/destroy.js:82:8)
    at emitErrorAndCloseNT (internal/streams/destroy.js:50:3)
    at process._tickCallback (internal/process/next_tick.js:63:19)
[error] 
[error] Error: Failed to get Firebase project shopingzone-77ff1. Please make sure the project exists and your account has permission to access it.
